Using pre-set license
Built from '2020.2/release' branch; Version is '2020.2.1f1 (270dd8c3da1c) revision 2559448'; Using compiler version '192528614'; Build Type 'Release'
OS: 'Windows 10  (10.0.0) 64bit' Language: 'en' Physical Memory: 8138 MB
BatchMode: 1, IsHumanControllingUs: 0, StartBugReporterOnCrash: 0, Is64bit: 1, IsPro: 0

 COMMAND LINE ARGUMENTS:
E:\_Dev\2020.2.1f1\Editor\Unity.exe
-adb2
-batchMode
-noUpm
-name
AssetImportWorker1
-projectPath
E:/_Dev/Gamedev/game_jam_template
-logFile
Logs/AssetImportWorker1.log
-srvPort
56879
Successfully changed project path to: E:/_Dev/Gamedev/game_jam_template
E:/_Dev/Gamedev/game_jam_template
Using Asset Import Pipeline V2.
Refreshing native plugins compatible for Editor in 38.17 ms, found 1 plugins.
Preloading 0 native plugins for Editor in 0.00 ms.
Initialize engine version: 2020.2.1f1 (270dd8c3da1c)
[Subsystems] Discovering subsystems at path E:/_Dev/2020.2.1f1/Editor/Data/Resources/UnitySubsystems
[Subsystems] Discovering subsystems at path E:/_Dev/Gamedev/game_jam_template/Assets
GfxDevice: creating device client; threaded=0
Direct3D:
    Version:  Direct3D 11.0 [level 11.1]
    Renderer: NVIDIA GeForce GTX 970 (ID=0x13c2)
    Vendor:   
    VRAM:     4043 MB
    Driver:   27.21.14.6140
Initialize mono
Mono path[0] = 'E:/_Dev/2020.2.1f1/Editor/Data/Managed'
Mono path[1] = 'E:/_Dev/2020.2.1f1/Editor/Data/MonoBleedingEdge/lib/mono/unityjit'
Mono config path = 'E:/_Dev/2020.2.1f1/Editor/Data/MonoBleedingEdge/etc'
Using monoOptions --debugger-agent=transport=dt_socket,embedding=1,server=y,suspend=n,address=127.0.0.1:56516
Begin MonoManager ReloadAssembly
Registering precompiled unity dll's ...
Register platform support module: E:/_Dev/2020.2.1f1/Editor/Data/PlaybackEngines/WebGLSupport/UnityEditor.WebGL.Extensions.dll
Register platform support module: E:/_Dev/2020.2.1f1/Editor/Data/PlaybackEngines/WindowsStandaloneSupport/UnityEditor.WindowsStandalone.Extensions.dll
Registered in 0.001203 seconds.
Native extension for WindowsStandalone target not found
Native extension for WebGL target not found
Refreshing native plugins compatible for Editor in 35.05 ms, found 1 plugins.
Preloading 0 native plugins for Editor in 0.00 ms.
Invoked RoslynAnalysisRunner static constructor.
RoslynAnalysisRunner will not be running.
RoslynAnalysisRunner has terminated.
Mono: successfully reloaded assembly
- Completed reload, in  1.098 seconds
Platform modules already initialized, skipping
Registering precompiled user dll's ...
Registered in 0.000750 seconds.
Begin MonoManager ReloadAssembly
Native extension for WindowsStandalone target not found
Native extension for WebGL target not found
Refreshing native plugins compatible for Editor in 37.56 ms, found 1 plugins.
Preloading 0 native plugins for Editor in 0.00 ms.
Invoked RoslynAnalysisRunner static constructor.
RoslynAnalysisRunner will not be running.
RoslynAnalysisRunner has terminated.
Mono: successfully reloaded assembly
- Completed reload, in  3.177 seconds
Platform modules already initialized, skipping
========================================================================
Worker process is ready to serve import requests
Launched and connected shader compiler UnityShaderCompiler.exe after 0.14 seconds
Refreshing native plugins compatible for Editor in 0.33 ms, found 1 plugins.
Preloading 0 native plugins for Editor in 0.00 ms.
Unloading 1787 Unused Serialized files (Serialized files now loaded: 0)
System memory in use before: 83.6 MB.
System memory in use after: 83.6 MB.

Unloading 24 unused Assets to reduce memory usage. Loaded Objects now: 2226.
Total: 3.315500 ms (FindLiveObjects: 0.256500 ms CreateObjectMapping: 0.172700 ms MarkObjects: 2.741700 ms  DeleteObjects: 0.143200 ms)

========================================================================
Received Import Request.
  path: Assets/Packages
  artifactKey: Guid(c8ca42552829ce448bd46ac1e2695d39) Importer(815301076,1909f56bfc062723c751e8b465ee728b)
Start importing Assets/Packages using Guid(c8ca42552829ce448bd46ac1e2695d39) Importer(815301076,1909f56bfc062723c751e8b465ee728b)  -> (artifact id: '6f34e392bc242905f8b2118866e0bc85') in 0.025022 seconds
  Import took 0.057671 seconds .

========================================================================
Received Prepare
Registering precompiled user dll's ...
Registered in 0.001107 seconds.
Begin MonoManager ReloadAssembly
Native extension for WindowsStandalone target not found
Native extension for WebGL target not found
Refreshing native plugins compatible for Editor in 0.40 ms, found 1 plugins.
Preloading 0 native plugins for Editor in 0.00 ms.
Invoked RoslynAnalysisRunner static constructor.
RoslynAnalysisRunner will not be running.
RoslynAnalysisRunner has terminated.
Mono: successfully reloaded assembly
- Completed reload, in  0.963 seconds
Platform modules already initialized, skipping
Refreshing native plugins compatible for Editor in 0.35 ms, found 1 plugins.
Preloading 0 native plugins for Editor in 0.00 ms.
Unloading 1787 Unused Serialized files (Serialized files now loaded: 0)
System memory in use before: 83.8 MB.
System memory in use after: 83.8 MB.

Unloading 12 unused Assets to reduce memory usage. Loaded Objects now: 2234.
Total: 2.311500 ms (FindLiveObjects: 0.179300 ms CreateObjectMapping: 0.068000 ms MarkObjects: 1.953600 ms  DeleteObjects: 0.108900 ms)

========================================================================
Received Import Request.
  Time since last request: 634.904497 seconds.
  path: Assets/Packages/EnhancedSimplePool
  artifactKey: Guid(97ec71fa2ec8ece409939f89034cbeb4) Importer(815301076,1909f56bfc062723c751e8b465ee728b)
Start importing Assets/Packages/EnhancedSimplePool using Guid(97ec71fa2ec8ece409939f89034cbeb4) Importer(815301076,1909f56bfc062723c751e8b465ee728b)  -> (artifact id: '6a45ff7c580c44aebdc7680d085cc05e') in 0.008793 seconds
  Import took 0.026548 seconds .

========================================================================
Received Import Request.
  Time since last request: 2.396317 seconds.
  path: Assets/Packages/UnityUtils
  artifactKey: Guid(f395c2fab536b974fbc46b94e5e49575) Importer(815301076,1909f56bfc062723c751e8b465ee728b)
Start importing Assets/Packages/UnityUtils using Guid(f395c2fab536b974fbc46b94e5e49575) Importer(815301076,1909f56bfc062723c751e8b465ee728b)  -> (artifact id: '54b2bcc4b8567effba635468cd215829') in 0.007718 seconds
  Import took 0.028471 seconds .

========================================================================
Received Import Request.
  Time since last request: 6.646111 seconds.
  path: Assets/Packages/Cake
  artifactKey: Guid(a01848d5a68711c479646284a5aff85a) Importer(815301076,1909f56bfc062723c751e8b465ee728b)
Start importing Assets/Packages/Cake using Guid(a01848d5a68711c479646284a5aff85a) Importer(815301076,1909f56bfc062723c751e8b465ee728b)  -> (artifact id: '88bb0edff057e0ff110c754edacae7d5') in 0.009989 seconds
  Import took 0.022487 seconds .

========================================================================
Received Prepare
Registering precompiled user dll's ...
Registered in 0.000979 seconds.
Begin MonoManager ReloadAssembly
Native extension for WindowsStandalone target not found
Native extension for WebGL target not found
Refreshing native plugins compatible for Editor in 0.34 ms, found 1 plugins.
Preloading 0 native plugins for Editor in 0.00 ms.
Invoked RoslynAnalysisRunner static constructor.
RoslynAnalysisRunner will not be running.
RoslynAnalysisRunner has terminated.
Mono: successfully reloaded assembly
- Completed reload, in  0.866 seconds
Platform modules already initialized, skipping
Refreshing native plugins compatible for Editor in 0.39 ms, found 1 plugins.
Preloading 0 native plugins for Editor in 0.00 ms.
Unloading 1787 Unused Serialized files (Serialized files now loaded: 0)
System memory in use before: 83.9 MB.
System memory in use after: 83.9 MB.

Unloading 12 unused Assets to reduce memory usage. Loaded Objects now: 2237.
Total: 2.340700 ms (FindLiveObjects: 0.186900 ms CreateObjectMapping: 0.115100 ms MarkObjects: 1.919200 ms  DeleteObjects: 0.118600 ms)

========================================================================
Received Import Request.
  Time since last request: 43.517254 seconds.
  path: Assets
  artifactKey: Guid(00000000000000001000000000000000) Importer(815301076,1909f56bfc062723c751e8b465ee728b)
Start importing Assets using Guid(00000000000000001000000000000000) Importer(815301076,1909f56bfc062723c751e8b465ee728b)  -> (artifact id: 'e1a2c4dac9df7c17871e19a3b74f0e9f') in 0.010849 seconds
  Import took 0.057122 seconds .

========================================================================
Received Import Request.
  Time since last request: 26.461683 seconds.
  path: Assets/Scenes
  artifactKey: Guid(57b8f980bdb042c4284029f332e4102a) Importer(815301076,1909f56bfc062723c751e8b465ee728b)
Start importing Assets/Scenes using Guid(57b8f980bdb042c4284029f332e4102a) Importer(815301076,1909f56bfc062723c751e8b465ee728b)  -> (artifact id: '7e69071e23d49e0d733297fc49554d88') in 0.008434 seconds
  Import took 0.028897 seconds .

========================================================================
Received Import Request.
  Time since last request: 2.955622 seconds.
  path: Assets/Scenes/SampleScene.unity
  artifactKey: Guid(2cda990e2423bbf4892e6590ba056729) Importer(815301076,1909f56bfc062723c751e8b465ee728b)
Start importing Assets/Scenes/SampleScene.unity using Guid(2cda990e2423bbf4892e6590ba056729) Importer(815301076,1909f56bfc062723c751e8b465ee728b)  -> (artifact id: '68e638b9c95263cbd6c5b1eb18544bd4') in 0.013113 seconds
  Import took 0.024201 seconds .

========================================================================
Received Prepare
Registering precompiled user dll's ...
Registered in 0.001864 seconds.
Begin MonoManager ReloadAssembly
Native extension for WindowsStandalone target not found
Native extension for WebGL target not found
Refreshing native plugins compatible for Editor in 0.35 ms, found 1 plugins.
Preloading 0 native plugins for Editor in 0.00 ms.
Invoked RoslynAnalysisRunner static constructor.
RoslynAnalysisRunner will not be running.
RoslynAnalysisRunner has terminated.
Mono: successfully reloaded assembly
- Completed reload, in  1.429 seconds
Platform modules already initialized, skipping
Refreshing native plugins compatible for Editor in 0.35 ms, found 1 plugins.
Preloading 0 native plugins for Editor in 0.00 ms.
Unloading 1797 Unused Serialized files (Serialized files now loaded: 0)
System memory in use before: 84.3 MB.
System memory in use after: 84.3 MB.

Unloading 15 unused Assets to reduce memory usage. Loaded Objects now: 2253.
Total: 1.976900 ms (FindLiveObjects: 0.163500 ms CreateObjectMapping: 0.066500 ms MarkObjects: 1.575700 ms  DeleteObjects: 0.170300 ms)

========================================================================
Received Prepare
Registering precompiled user dll's ...
Registered in 0.001678 seconds.
Begin MonoManager ReloadAssembly
Native extension for WindowsStandalone target not found
Native extension for WebGL target not found
Refreshing native plugins compatible for Editor in 0.45 ms, found 1 plugins.
Preloading 0 native plugins for Editor in 0.00 ms.
Invoked RoslynAnalysisRunner static constructor.
RoslynAnalysisRunner will not be running.
RoslynAnalysisRunner has terminated.
Mono: successfully reloaded assembly
- Completed reload, in  1.296 seconds
Platform modules already initialized, skipping
Refreshing native plugins compatible for Editor in 0.35 ms, found 1 plugins.
Preloading 0 native plugins for Editor in 0.00 ms.
Unloading 1796 Unused Serialized files (Serialized files now loaded: 0)
System memory in use before: 84.3 MB.
System memory in use after: 84.3 MB.

Unloading 14 unused Assets to reduce memory usage. Loaded Objects now: 2256.
Total: 1.996900 ms (FindLiveObjects: 0.173000 ms CreateObjectMapping: 0.067300 ms MarkObjects: 1.657300 ms  DeleteObjects: 0.098300 ms)

========================================================================
Received Import Request.
  Time since last request: 219.469580 seconds.
  path: Assets/Plugins
  artifactKey: Guid(b8e8ba4079b7cc44ba024c54f46eb5ad) Importer(815301076,1909f56bfc062723c751e8b465ee728b)
Start importing Assets/Plugins using Guid(b8e8ba4079b7cc44ba024c54f46eb5ad) Importer(815301076,1909f56bfc062723c751e8b465ee728b)  -> (artifact id: 'fcdaf081a2776744fd584f7dbab13cfe') in 0.355155 seconds
  Import took 0.389664 seconds .

========================================================================
Received Prepare
Registering precompiled user dll's ...
Registered in 0.001332 seconds.
Begin MonoManager ReloadAssembly
Native extension for WindowsStandalone target not found
Native extension for WebGL target not found
Refreshing native plugins compatible for Editor in 0.35 ms, found 1 plugins.
Preloading 0 native plugins for Editor in 0.00 ms.
Invoked RoslynAnalysisRunner static constructor.
RoslynAnalysisRunner will not be running.
RoslynAnalysisRunner has terminated.
Mono: successfully reloaded assembly
- Completed reload, in  0.871 seconds
Platform modules already initialized, skipping
Refreshing native plugins compatible for Editor in 0.40 ms, found 1 plugins.
Preloading 0 native plugins for Editor in 0.00 ms.
Unloading 1796 Unused Serialized files (Serialized files now loaded: 0)
System memory in use before: 84.4 MB.
System memory in use after: 84.4 MB.

Unloading 14 unused Assets to reduce memory usage. Loaded Objects now: 2259.
Total: 1.911700 ms (FindLiveObjects: 0.165300 ms CreateObjectMapping: 0.065900 ms MarkObjects: 1.575300 ms  DeleteObjects: 0.104200 ms)

========================================================================
Received Import Request.
  Time since last request: 4.366282 seconds.
  path: Assets/Plugins/Demigiant
  artifactKey: Guid(3282c1ca81a2979478933da35046743a) Importer(815301076,1909f56bfc062723c751e8b465ee728b)
Start importing Assets/Plugins/Demigiant using Guid(3282c1ca81a2979478933da35046743a) Importer(815301076,1909f56bfc062723c751e8b465ee728b)  -> (artifact id: 'cd04b5bffb0d43cc8cbf54df1ea39c14') in 0.012704 seconds
  Import took 0.021169 seconds .

========================================================================
Received Prepare
Registering precompiled user dll's ...
Registered in 0.001866 seconds.
Begin MonoManager ReloadAssembly
Native extension for WindowsStandalone target not found
Native extension for WebGL target not found
Refreshing native plugins compatible for Editor in 0.34 ms, found 1 plugins.
Preloading 0 native plugins for Editor in 0.00 ms.
Invoked RoslynAnalysisRunner static constructor.
RoslynAnalysisRunner will not be running.
Temp/RoslynAnalysisRunner has been deleted.
RoslynAnalysisRunner has terminated.
Mono: successfully reloaded assembly
- Completed reload, in  1.042 seconds
Platform modules already initialized, skipping
Refreshing native plugins compatible for Editor in 0.35 ms, found 1 plugins.
Preloading 0 native plugins for Editor in 0.00 ms.
Unloading 1796 Unused Serialized files (Serialized files now loaded: 0)
System memory in use before: 84.5 MB.
System memory in use after: 84.5 MB.

Unloading 14 unused Assets to reduce memory usage. Loaded Objects now: 2262.
Total: 3.363800 ms (FindLiveObjects: 0.167400 ms CreateObjectMapping: 0.250800 ms MarkObjects: 1.704600 ms  DeleteObjects: 1.239400 ms)

========================================================================
Received Import Request.
  Time since last request: 27.738305 seconds.
  path: Assets/Resources
  artifactKey: Guid(650038c7ed0ca6d4dbbfb874c523cd6a) Importer(815301076,1909f56bfc062723c751e8b465ee728b)
Start importing Assets/Resources using Guid(650038c7ed0ca6d4dbbfb874c523cd6a) Importer(815301076,1909f56bfc062723c751e8b465ee728b)  -> (artifact id: 'dbfa1e7aa1da3f5b579c470c63148912') in 0.009928 seconds
  Import took 0.030237 seconds .

========================================================================
Received Import Request.
  Time since last request: 0.000573 seconds.
  path: Assets/Resources
  artifactKey: Guid(650038c7ed0ca6d4dbbfb874c523cd6a) Importer(815301076,1909f56bfc062723c751e8b465ee728b)
Start importing Assets/Resources using Guid(650038c7ed0ca6d4dbbfb874c523cd6a) Importer(815301076,1909f56bfc062723c751e8b465ee728b)  -> (artifact id: 'dbfa1e7aa1da3f5b579c470c63148912') in 0.003597 seconds
  Import took 0.013085 seconds .

========================================================================
Received Import Request.
  Time since last request: 1.421581 seconds.
  path: Assets/Packages/Cake/Routine
  artifactKey: Guid(f2e1188f1bcaba24eb216f52e1f0f1e4) Importer(815301076,1909f56bfc062723c751e8b465ee728b)
Start importing Assets/Packages/Cake/Routine using Guid(f2e1188f1bcaba24eb216f52e1f0f1e4) Importer(815301076,1909f56bfc062723c751e8b465ee728b)  -> (artifact id: 'e93810c698600610eb584743d9f8d183') in 0.008913 seconds
  Import took 0.028011 seconds .

========================================================================
Received Import Request.
  Time since last request: 1.793122 seconds.
  path: Assets/Packages/Demigiant/DOTween
  artifactKey: Guid(6211b6ce99d0f0f4e8f39def38c0a6c1) Importer(815301076,1909f56bfc062723c751e8b465ee728b)
Start importing Assets/Packages/Demigiant/DOTween using Guid(6211b6ce99d0f0f4e8f39def38c0a6c1) Importer(815301076,1909f56bfc062723c751e8b465ee728b)  -> (artifact id: 'b4b3511f6d577c75d8ba680dc23ad111') in 0.020410 seconds
  Import took 0.023570 seconds .

========================================================================
Received Import Request.
  Time since last request: 0.623253 seconds.
  path: Assets/Packages/Demigiant/DOTween/Editor
  artifactKey: Guid(b27f58ae5d5c33a4bb2d1f4f34bd036d) Importer(815301076,1909f56bfc062723c751e8b465ee728b)
Start importing Assets/Packages/Demigiant/DOTween/Editor using Guid(b27f58ae5d5c33a4bb2d1f4f34bd036d) Importer(815301076,1909f56bfc062723c751e8b465ee728b)  -> (artifact id: 'd89d50baa65fedfd1ee0bef22284fecb') in 0.008478 seconds
  Import took 0.027378 seconds .

========================================================================
Received Import Request.
  Time since last request: 0.290681 seconds.
  path: Assets/Packages/Demigiant/DOTween/Modules
  artifactKey: Guid(143604b8bad857d47a6f7cc7a533e2dc) Importer(815301076,1909f56bfc062723c751e8b465ee728b)
Start importing Assets/Packages/Demigiant/DOTween/Modules using Guid(143604b8bad857d47a6f7cc7a533e2dc) Importer(815301076,1909f56bfc062723c751e8b465ee728b)  -> (artifact id: '8be75854b4770e647b92e99ad3688454') in 0.009329 seconds
  Import took 0.013036 seconds .

========================================================================
Received Import Request.
  Time since last request: 0.424363 seconds.
  path: Assets/Packages/Demigiant/DOTween/DOTween.dll
  artifactKey: Guid(a811bde74b26b53498b4f6d872b09b6d) Importer(815301076,1909f56bfc062723c751e8b465ee728b)
Start importing Assets/Packages/Demigiant/DOTween/DOTween.dll using Guid(a811bde74b26b53498b4f6d872b09b6d) Importer(815301076,1909f56bfc062723c751e8b465ee728b)  -> (artifact id: '3a3b170b6fb717b8416075dae01a80ee') in 0.050782 seconds
  Import took 0.054256 seconds .

========================================================================
Received Import Request.
  Time since last request: 0.001398 seconds.
  path: Assets/Packages/Demigiant/DOTween/DOTween.dll
  artifactKey: Guid(a811bde74b26b53498b4f6d872b09b6d) Importer(815301076,1909f56bfc062723c751e8b465ee728b)
Start importing Assets/Packages/Demigiant/DOTween/DOTween.dll using Guid(a811bde74b26b53498b4f6d872b09b6d) Importer(815301076,1909f56bfc062723c751e8b465ee728b)  -> (artifact id: '3a3b170b6fb717b8416075dae01a80ee') in 0.003583 seconds
  Import took 0.007334 seconds .

AssetImportWorkerClient::OnTransportError - code=2 error=End of file
